taskwidget/proguard/seeds.txt
com.dima.tkswidget.R$anim: int dialog_enter
com.dima.tkswidget.R$anim: int dialog_exit
com.dima.tkswidget.R$anim: int fade_in
com.dima.tkswidget.R$anim: int fade_out
com.dima.tkswidget.R$anim: int grow_fade_in
com.dima.tkswidget.R$anim: int grow_fade_in_center
com.dima.tkswidget.R$anim: int grow_fade_in_from_bottom
com.dima.tkswidget.R$anim: int shrink_fade_out
com.dima.tkswidget.R$anim: int shrink_fade_out_center
com.dima.tkswidget.R$anim: int shrink_fade_out_from_bottom
com.dima.tkswidget.R$array: int cfgactions
com.dima.tkswidget.R$attr: int action
com.dima.tkswidget.R$attr: int actionBarDivider
com.dima.tkswidget.R$attr: int actionBarItemBackground
com.dima.tkswidget.R$attr: int actionBarSize
com.dima.tkswidget.R$attr: int actionBarSplitStyle
com.dima.tkswidget.R$attr: int actionBarStyle
com.dima.tkswidget.R$attr: int actionBarTabBarStyle
com.dima.tkswidget.R$attr: int actionBarTabStyle
com.dima.tkswidget.R$attr: int actionBarTabTextStyle
com.dima.tkswidget.R$attr: int actionBarWidgetTheme
com.dima.tkswidget.R$attr: int actionButtonStyle
com.dima.tkswidget.R$attr: int actionDropDownStyle
com.dima.tkswidget.R$attr: int actionMenuTextAppearance
com.dima.tkswidget.R$attr: int actionMenuTextColor
com.dima.tkswidget.R$attr: int actionModeBackground
com.dima.tkswidget.R$attr: int actionModeCloseButtonStyle
com.dima.tkswidget.R$attr: int actionModeCloseDrawable
com.dima.tkswidget.R$attr: int actionModePopupWindowStyle
com.dima.tkswidget.R$attr: int actionModeShareDrawable
com.dima.tkswidget.R$attr: int actionModeSplitBackground
com.dima.tkswidget.R$attr: int actionModeStyle
com.dima.tkswidget.R$attr: int actionOverflowButtonStyle
com.dima.tkswidget.R$attr: int actionSpinnerItemStyle
com.dima.tkswidget.R$attr: int activatedBackgroundIndicator
com.dima.tkswidget.R$attr: int activityChooserViewStyle
com.dima.tkswidget.R$attr: int alertDialogCenterButtons
com.dima.tkswidget.R$attr: int alertDialogStyle
com.dima.tkswidget.R$attr: int alertDialogTheme
com.dima.tkswidget.R$bool: int abs__action_bar_embed_tabs
com.dima.tkswidget.R$bool: int abs__action_bar_expanded_action_views_exclusive
com.dima.tkswidget.R$bool: int abs__config_actionMenuItemAllCaps
com.dima.tkswidget.R$bool: int abs__config_allowActionMenuItemTextWithIcon
com.dima.tkswidget.R$bool: int abs__config_showMenuShortcutsWhenKeyboardPresent
com.dima.tkswidget.R$bool: int abs__split_action_bar_is_narrow
com.dima.tkswidget.R$bool: int preferences_prefer_dual_pane
com.dima.tkswidget.R$color: int abs__background_holo_dark
com.dima.tkswidget.R$color: int abs__background_holo_light
com.dima.tkswidget.R$color: int abs__bright_foreground_disabled_holo_dark
com.dima.tkswidget.R$color: int abs__bright_foreground_disabled_holo_light
com.dima.tkswidget.R$color: int abs__bright_foreground_holo_dark
com.dima.tkswidget.R$color: int abs__bright_foreground_holo_light
com.dima.tkswidget.R$color: int abs__primary_text_disable_only_holo_dark
com.dima.tkswidget.R$color: int abs__primary_text_disable_only_holo_light
com.dima.tkswidget.R$color: int abs__primary_text_holo_dark
com.dima.tkswidget.R$color: int abs__primary_text_holo_light
com.dima.tkswidget.R$color: int background_dark
com.dima.tkswidget.R$color: int background_holo_dark
com.dima.tkswidget.R$color: int background_holo_light
com.dima.tkswidget.R$color: int background_light
com.dima.tkswidget.R$color: int bright_foreground_dark
com.dima.tkswidget.R$color: int bright_foreground_dark_disabled
com.dima.tkswidget.R$color: int bright_foreground_dark_inverse
com.dima.tkswidget.R$color: int bright_foreground_disabled_holo_dark
com.dima.tkswidget.R$color: int bright_foreground_disabled_holo_light
com.dima.tkswidget.R$color: int bright_foreground_holo_dark
com.dima.tkswidget.R$color: int bright_foreground_holo_light
com.dima.tkswidget.R$color: int bright_foreground_inverse_holo_dark
com.dima.tkswidget.R$color: int bright_foreground_inverse_holo_light
...
com.google.android.gms.maps.model.VisibleRegion
com.google.android.gms.plus.PlusOneButton: void setOnPlusOneClickListener(com.google.android.gms.plus.PlusOneButton$OnPlusOneClickListener)
com.google.android.gms.plus.PlusOneButton: void setAnnotation(int)
com.google.android.gms.plus.PlusOneButton: void setSize(int)
com.google.api.client.auth.oauth.OAuthAuthorizeTemporaryTokenUrl: java.lang.String temporaryToken
com.google.api.client.auth.oauth.OAuthCallbackUrl: java.lang.String token
com.google.api.client.auth.oauth.OAuthCallbackUrl: java.lang.String verifier
com.google.api.client.auth.oauth.OAuthCredentialsResponse: java.lang.String token
com.google.api.client.auth.oauth.OAuthCredentialsResponse: java.lang.String tokenSecret
com.google.api.client.auth.oauth.OAuthCredentialsResponse: java.lang.Boolean callbackConfirmed
com.google.api.client.auth.oauth2.AuthorizationCodeResponseUrl: java.lang.String code
com.google.api.client.auth.oauth2.AuthorizationCodeResponseUrl: java.lang.String state
com.google.api.client.auth.oauth2.AuthorizationCodeResponseUrl: java.lang.String error
com.google.api.client.auth.oauth2.AuthorizationCodeResponseUrl: java.lang.String errorDescription
com.google.api.client.auth.oauth2.AuthorizationCodeResponseUrl: java.lang.String errorUri
com.google.api.client.auth.oauth2.AuthorizationCodeTokenRequest: java.lang.String code
com.google.api.client.auth.oauth2.AuthorizationCodeTokenRequest: java.lang.String redirectUri
com.google.api.client.auth.oauth2.AuthorizationRequestUrl: java.lang.String responseTypes
com.google.api.client.auth.oauth2.AuthorizationRequestUrl: java.lang.String redirectUri
com.google.api.client.auth.oauth2.AuthorizationRequestUrl: java.lang.String scopes
com.google.api.client.auth.oauth2.AuthorizationRequestUrl: java.lang.String clientId
com.google.api.client.auth.oauth2.AuthorizationRequestUrl: java.lang.String state
com.google.api.client.auth.oauth2.PasswordTokenRequest: java.lang.String username
com.google.api.client.auth.oauth2.PasswordTokenRequest: java.lang.String password
com.google.api.client.auth.oauth2.RefreshTokenRequest: java.lang.String refreshToken
com.google.api.client.auth.oauth2.TokenErrorResponse: java.lang.String error
com.google.api.client.auth.oauth2.TokenErrorResponse: java.lang.String errorDescription
com.google.api.client.auth.oauth2.TokenErrorResponse: java.lang.String errorUri
com.google.api.client.auth.oauth2.TokenRequest: java.lang.String scopes
com.google.api.client.auth.oauth2.TokenRequest: java.lang.String grantType
com.google.api.client.auth.oauth2.TokenResponse: java.lang.String accessToken
com.google.api.client.auth.oauth2.TokenResponse: java.lang.String tokenType
com.google.api.client.auth.oauth2.TokenResponse: java.lang.Long expiresInSeconds
com.google.api.client.auth.oauth2.TokenResponse: java.lang.String refreshToken
com.google.api.client.auth.oauth2.TokenResponse: java.lang.String scope
com.google.api.client.auth.openidconnect.IdToken$Payload: java.lang.Long authorizationTimeSeconds
com.google.api.client.auth.openidconnect.IdToken$Payload: java.lang.Object authorizedParty
com.google.api.client.auth.openidconnect.IdTokenResponse: java.lang.String idToken
com.google.api.client.googleapis.auth.clientlogin.ClientLogin: java.lang.String applicationName
com.google.api.client.googleapis.auth.clientlogin.ClientLogin: java.lang.String authTokenType
com.google.api.client.googleapis.auth.clientlogin.ClientLogin: java.lang.String username
com.google.api.client.googleapis.auth.clientlogin.ClientLogin: java.lang.String password
com.google.api.client.googleapis.auth.clientlogin.ClientLogin: java.lang.String accountType
com.google.api.client.googleapis.auth.clientlogin.ClientLogin: java.lang.String captchaToken
com.google.api.client.googleapis.auth.clientlogin.ClientLogin: java.lang.String captchaAnswer