taskwidget/proguard/mapping.txt
com.dima.tkswidget.GoogleServiceAuthentificator -> com.dima.tkswidget.a:
    java.lang.String m_accountName -> a
    com.google.api.client.googleapis.extensions.android.gms.auth.GoogleAccountCredential m_accessProtectedResource -> b
    java.lang.String m_scope -> c
    android.content.Context m_context -> d
    void processAuthError(java.lang.Exception,android.app.Activity,int,int) -> b
    void authentificateActivityAsync(android.app.Activity,int,int,java.lang.Runnable,java.lang.Runnable) -> a
    java.lang.String authentificateSyncAdapter(java.lang.String,android.os.Bundle) -> a
    com.google.api.client.googleapis.extensions.android.gms.auth.GoogleAccountCredential getAccessProtectedResource() -> a
    void access$0(java.lang.Exception,android.app.Activity,int,int) -> a
com.dima.tkswidget.GoogleServiceAuthentificator$1 -> com.dima.tkswidget.b:
    com.dima.tkswidget.GoogleServiceAuthentificator this$0 -> a
    java.lang.Runnable val$onAuthFailed -> b
    java.lang.Runnable val$onAuthSucceded -> c
    android.app.Activity val$activity -> d
    int val$requestCodePlayServ -> e
    int val$requestRecoverAuth -> f
    java.lang.Exception doInBackground(java.lang.Void[]) -> a
    void onPostExecute(java.lang.Exception) -> a
    void onPostExecute(java.lang.Object) -> onPostExecute
    java.lang.Object doInBackground(java.lang.Object[]) -> doInBackground
com.dima.tkswidget.GoogleTasksLoader -> com.dima.tkswidget.c:
    com.google.api.client.googleapis.extensions.android.gms.auth.GoogleAccountCredential m_googleAccess -> a
    com.google.api.services.tasks.Tasks m_tasksService -> b
    java.util.List getTasks(java.lang.String) -> a
    java.util.List getTasksLists() -> a
com.dima.tkswidget.LogHelper -> com.dima.tkswidget.d:
    void e(java.lang.String,java.lang.Exception) -> a
    void i(java.lang.String) -> a
    void d(java.lang.String) -> b
    void w(java.lang.String) -> c
com.dima.tkswidget.SettingsController -> com.dima.tkswidget.e:
    android.content.Context m_context -> a
    void clearPrefs(int[]) -> a
    void saveWidgetAccount(int,java.lang.String) -> a
    java.lang.String loadWidgetAccount(int) -> a
    void saveWidgetList(int,java.lang.String,java.lang.String) -> a
    java.lang.String loadWidgetList(int) -> b
    java.lang.String loadWidgetListName(int) -> c
    void saveWidgetMargin(int,java.lang.Boolean) -> a
    java.lang.Boolean loadWidgetMargin(int) -> d
    android.content.SharedPreferences getPrefs(int) -> e
com.dima.tkswidget.TaskContentProvider -> com.dima.tkswidget.TaskContentProvider:
    com.dima.tkswidget.TaskContentProvider$DatabaseHelper mOpenHelper -> a
    boolean onCreate() -> onCreate
    java.lang.String getType(android.net.Uri) -> getType
    android.database.Cursor query(android.net.Uri,java.lang.String[],java.lang.String,java.lang.String[],java.lang.String) -> query
    android.net.Uri insert(android.net.Uri,android.content.ContentValues) -> insert
    int delete(android.net.Uri,java.lang.String,java.lang.String[]) -> delete
    int update(android.net.Uri,android.content.ContentValues,java.lang.String,java.lang.String[]) -> update
    android.database.Cursor queryTable(android.net.Uri,boolean,java.lang.String,java.lang.String[],java.lang.String,java.lang.String[]) -> a
    android.net.Uri insertTable(android.net.Uri,android.content.ContentValues) -> a
    int deleteTable(android.net.Uri,java.lang.String,java.lang.String[],boolean) -> a
    java.lang.String getWhereClause(com.dima.tkswidget.TaskMetadata$EntityMetaInfo,android.net.Uri) -> a
com.dima.tkswidget.TaskContentProvider$DatabaseHelper -> com.dima.tkswidget.f:
    void onCreate(android.database.sqlite.SQLiteDatabase) -> onCreate
    void onUpgrade(android.database.sqlite.SQLiteDatabase,int,int) -> onUpgrade
...
com.actionbarsherlock.internal.view.menu.ActionMenuView -> com.actionbarsherlock.internal.view.menu.ActionMenuView:
    boolean IS_FROYO -> a
    com.actionbarsherlock.internal.view.menu.MenuBuilder mMenu -> b
    boolean mReserveOverflow -> c
    com.actionbarsherlock.internal.view.menu.ActionMenuPresenter mPresenter -> d
    boolean mFormatItems -> e
    int mFormatItemsWidth -> f
    int mMinCellSize -> g
    int mGeneratedItemPadding -> h
    boolean mFirst -> i
    void setPresenter(com.actionbarsherlock.internal.view.menu.ActionMenuPresenter) -> setPresenter
    void onConfigurationChanged(android.content.res.Configuration) -> onConfigurationChanged
    void onDraw(android.graphics.Canvas) -> onDraw
    void onMeasure(int,int) -> onMeasure
    void onMeasureExactFormat(int,int) -> a
    int measureChildForCells(android.view.View,int,int,int,int) -> a
    void onLayout(boolean,int,int,int,int) -> onLayout
    void onDetachedFromWindow() -> onDetachedFromWindow
    void setOverflowReserved(boolean) -> setOverflowReserved
    com.actionbarsherlock.internal.view.menu.ActionMenuView$LayoutParams generateDefaultLayoutParams() -> a
    com.actionbarsherlock.internal.view.menu.ActionMenuView$LayoutParams generateLayoutParams(android.util.AttributeSet) -> a
    com.actionbarsherlock.internal.view.menu.ActionMenuView$LayoutParams generateLayoutParams(android.view.ViewGroup$LayoutParams) -> a
com.actionbarsherlock.internal.view.menu.ActionMenuView$ActionMenuChildView -> com.actionbarsherlock.internal.view.menu.i:
    boolean needsDividerBefore() -> c
    boolean needsDividerAfter() -> d
com.actionbarsherlock.internal.view.menu.ActionMenuView$LayoutParams -> com.actionbarsherlock.internal.view.menu.j:
    boolean isOverflowButton -> a
    int cellsUsed -> b
    int extraPixels -> c
    boolean expandable -> d
    boolean preventEdgeOffset -> e
    boolean expanded -> f
com.actionbarsherlock.internal.view.menu.BaseMenuPresenter -> com.actionbarsherlock.internal.view.menu.k:
    boolean IS_HONEYCOMB -> a
    android.content.Context mSystemContext -> c
    android.content.Context mContext -> d
    com.actionbarsherlock.internal.view.menu.MenuBuilder mMenu -> e
    android.view.LayoutInflater mSystemInflater -> f
    android.view.LayoutInflater mInflater -> g
    com.actionbarsherlock.internal.view.menu.MenuPresenter$Callback mCallback -> b
    int mMenuLayoutRes -> i
    int mItemLayoutRes -> j
    com.actionbarsherlock.internal.view.menu.MenuView mMenuView -> h
    int mId -> k
    void initForMenu(android.content.Context,com.actionbarsherlock.internal.view.menu.MenuBuilder) -> a
    com.actionbarsherlock.internal.view.menu.MenuView getMenuView(android.view.ViewGroup) -> a
    void updateMenuView(boolean) -> c
    void addItemView(android.view.View,int) -> a
    boolean filterLeftoverView(android.view.ViewGroup,int) -> a
    void setCallback(com.actionbarsherlock.internal.view.menu.MenuPresenter$Callback) -> a
    com.actionbarsherlock.internal.view.menu.MenuView$ItemView createItemView(android.view.ViewGroup) -> b
    android.view.View getItemView(com.actionbarsherlock.internal.view.menu.MenuItemImpl,android.view.View,android.view.ViewGroup) -> a
    void bindItemView(com.actionbarsherlock.internal.view.menu.MenuItemImpl,com.actionbarsherlock.internal.view.menu.MenuView$ItemView) -> a