taskwidget/proguard/usage.txt
com.dima.tkswidget.BuildConfig
com.dima.tkswidget.GoogleServiceAuthentificator:
    102:109:public java.lang.String authentificateActivity(android.app.Activity,int,int)
com.dima.tkswidget.GoogleTasksLoader:
    protected static final java.lang.String APP_NAME
    68:68:public com.google.api.services.tasks.model.TaskList getTasksList(java.lang.String)
com.dima.tkswidget.LogHelper:
    private static final java.lang.String tag
    5:5:public LogHelper()
com.dima.tkswidget.R
com.dima.tkswidget.R$anim
com.dima.tkswidget.R$array
com.dima.tkswidget.R$attr
com.dima.tkswidget.R$bool
com.dima.tkswidget.R$color
com.dima.tkswidget.R$dimen
com.dima.tkswidget.R$drawable
com.dima.tkswidget.R$id
com.dima.tkswidget.R$integer
com.dima.tkswidget.R$interpolator
com.dima.tkswidget.R$layout
com.dima.tkswidget.R$menu
com.dima.tkswidget.R$raw
com.dima.tkswidget.R$string
com.dima.tkswidget.R$style
com.dima.tkswidget.R$styleable
com.dima.tkswidget.R$xml
com.dima.tkswidget.SettingsController:
    private static final java.lang.String PREF_SCHEME
    private static final java.lang.String PREF_ACCOUNT_NAME
    private static final java.lang.String PREF_LIST_ID
    private static final java.lang.String PREF_LIST_NAME
    private static final java.lang.String PREF_LIST_MARGIN
com.dima.tkswidget.TaskContentProvider:
    private static final java.lang.String DATABASE_NAME
    private static final java.lang.String TABLE_NAME_TASK
    private static final java.lang.String TABLE_NAME_TASK_LIST
    private static final int DATABASE_VERSION
com.dima.tkswidget.TaskMetadata:
    public static final java.lang.String AUTHORITY
    public static final java.lang.String COL_ID
    public static final java.lang.String COL_TITLE
    public static final java.lang.String COL_STATUS
    public static final java.lang.String COL_CREATE_DATE
    public static final java.lang.String COL_PARENT_TASK_ID
    public static final java.lang.String COL_PARENT_LIST_ID
    public static final java.lang.String COL_TL_ID
    public static final java.lang.String COL_TL_TITLE
    public static final java.lang.String COL_TL_CREATE_DATE
    public static final int URI_KIND_TASKS
    public static final int URI_KIND_TASK_ID
    public static final int URI_KIND_LISTS
    public static final int URI_KIND_LIST_ID
    8:8:public TaskMetadata()
com.dima.tkswidget.WidgetController:
    private static final java.lang.String LIST_CLICK_ACTION
    private static final java.lang.String TASKS_CLICK_ACTION
    private static final java.lang.String TASKS_UPDATED_ACTION
    public static final java.lang.String TASKS_SYNC_FINISHED
...
com.google.android.gms.maps.internal.IGoogleMapDelegate$a$a
com.google.android.gms.maps.internal.ILocationSourceDelegate
com.google.android.gms.maps.internal.ILocationSourceDelegate$a
com.google.android.gms.maps.internal.ILocationSourceDelegate$a$a
com.google.android.gms.maps.internal.IMapFragmentDelegate
com.google.android.gms.maps.internal.IMapFragmentDelegate$a
com.google.android.gms.maps.internal.IMapFragmentDelegate$a$a
com.google.android.gms.maps.internal.IMapViewDelegate
com.google.android.gms.maps.internal.IMapViewDelegate$a
com.google.android.gms.maps.internal.IMapViewDelegate$a$a
com.google.android.gms.maps.internal.IProjectionDelegate
com.google.android.gms.maps.internal.IProjectionDelegate$a
com.google.android.gms.maps.internal.IProjectionDelegate$a$a
com.google.android.gms.maps.internal.IUiSettingsDelegate
com.google.android.gms.maps.internal.IUiSettingsDelegate$a
com.google.android.gms.maps.internal.IUiSettingsDelegate$a$a
com.google.android.gms.maps.model.BitmapDescriptorFactory
com.google.android.gms.maps.model.CameraPosition:
    public CameraPosition(com.google.android.gms.maps.model.LatLng,float,float,float)
    public static final com.google.android.gms.maps.model.CameraPosition fromLatLngZoom(com.google.android.gms.maps.model.LatLng,float)
    public static com.google.android.gms.maps.model.CameraPosition$Builder builder()
    public static com.google.android.gms.maps.model.CameraPosition$Builder builder(com.google.android.gms.maps.model.CameraPosition)
    public static com.google.android.gms.maps.model.CameraPosition createFromAttributes(android.content.Context,android.util.AttributeSet)
com.google.android.gms.maps.model.CameraPosition$Builder
com.google.android.gms.maps.model.CameraPositionCreator:
    public static final int CONTENT_DESCRIPTION
com.google.android.gms.maps.model.Circle
com.google.android.gms.maps.model.CircleOptions:
    public com.google.android.gms.maps.model.CircleOptions center(com.google.android.gms.maps.model.LatLng)
    public com.google.android.gms.maps.model.CircleOptions radius(double)
    public com.google.android.gms.maps.model.CircleOptions strokeWidth(float)
    public com.google.android.gms.maps.model.CircleOptions strokeColor(int)
    public com.google.android.gms.maps.model.CircleOptions fillColor(int)
    public com.google.android.gms.maps.model.CircleOptions zIndex(float)
    public com.google.android.gms.maps.model.CircleOptions visible(boolean)
com.google.android.gms.maps.model.CircleOptionsCreator:
    public static final int CONTENT_DESCRIPTION
com.google.android.gms.maps.model.GroundOverlay
com.google.android.gms.maps.model.GroundOverlayOptions:
    public static final float NO_DIMENSION
    public com.google.android.gms.maps.model.GroundOverlayOptions image(com.google.android.gms.maps.model.BitmapDescriptor)
    public com.google.android.gms.maps.model.GroundOverlayOptions anchor(float,float)
    public com.google.android.gms.maps.model.GroundOverlayOptions position(com.google.android.gms.maps.model.LatLng,float)
    public com.google.android.gms.maps.model.GroundOverlayOptions position(com.google.android.gms.maps.model.LatLng,float,float)
    private com.google.android.gms.maps.model.GroundOverlayOptions a(com.google.android.gms.maps.model.LatLng,float,float)
    public com.google.android.gms.maps.model.GroundOverlayOptions positionFromBounds(com.google.android.gms.maps.model.LatLngBounds)
    public com.google.android.gms.maps.model.GroundOverlayOptions bearing(float)
    public com.google.android.gms.maps.model.GroundOverlayOptions zIndex(float)
    public com.google.android.gms.maps.model.GroundOverlayOptions visible(boolean)
    public com.google.android.gms.maps.model.GroundOverlayOptions transparency(float)
    public com.google.android.gms.maps.model.BitmapDescriptor getImage()
com.google.android.gms.maps.model.GroundOverlayOptionsCreator:
    public static final int CONTENT_DESCRIPTION